Logfile initialized
[INFO] logfile = /Users/jseav19/Documents/Titanium Studio Workspace/CardPuller/build.log
[DEBUG] /Users/jseav19/Library/Application Support/Titanium/mobilesdk/osx/1.8.1/android/builder.py simulator CardPuller /Users/jseav19/android-sdk-macosx /Users/jseav19/Documents/Titanium Studio Workspace/CardPuller com.plebeianapps.cardpuller 15 WVGA854 
[INFO] Building CardPuller for Android ... one moment
[INFO] Titanium SDK version: 1.8.1 (01/27/12 17:31 a24502a)
[DEBUG] Waiting for device to be ready ...
[TRACE] adb devices returned 1 devices/emulators
[DEBUG] Device connected... (waited 0 seconds)
[DEBUG] waited 0.021851 seconds on emulator to get ready
[DEBUG] com.plebeianapps.cardpuller installed? True
[INFO] Fastdev server running, deploying in Fastdev mode
[INFO] Copying project resources..
[TRACE] COPYING MODIFIED FILE: /Users/jseav19/Documents/Titanium Studio Workspace/CardPuller/Resources/app.js => /Users/jseav19/Documents/Titanium Studio Workspace/CardPuller/build/android/bin/assets/Resources/app.js
[INFO] Tiapp.xml unchanged, skipping class generation
[DEBUG] Processing Android resource drawables
[DEBUG] found drawable-long-land-hdpi splash screen at /Users/jseav19/Documents/Titanium Studio Workspace/CardPuller/Resources/android/images/res-long-land-hdpi/default.png
[DEBUG] found drawable-long-land-ldpi splash screen at /Users/jseav19/Documents/Titanium Studio Workspace/CardPuller/Resources/android/images/res-long-land-ldpi/default.png
[DEBUG] found drawable-long-port-hdpi splash screen at /Users/jseav19/Documents/Titanium Studio Workspace/CardPuller/Resources/android/images/res-long-port-hdpi/default.png
[DEBUG] found drawable-long-port-ldpi splash screen at /Users/jseav19/Documents/Titanium Studio Workspace/CardPuller/Resources/android/images/res-long-port-ldpi/default.png
[DEBUG] found drawable-notlong-land-hdpi splash screen at /Users/jseav19/Documents/Titanium Studio Workspace/CardPuller/Resources/android/images/res-notlong-land-hdpi/default.png
[DEBUG] found drawable-notlong-land-ldpi splash screen at /Users/jseav19/Documents/Titanium Studio Workspace/CardPuller/Resources/android/images/res-notlong-land-ldpi/default.png
[DEBUG] found drawable-notlong-land-mdpi splash screen at /Users/jseav19/Documents/Titanium Studio Workspace/CardPuller/Resources/android/images/res-notlong-land-mdpi/default.png
[DEBUG] found drawable-notlong-port-hdpi splash screen at /Users/jseav19/Documents/Titanium Studio Workspace/CardPuller/Resources/android/images/res-notlong-port-hdpi/default.png
[DEBUG] found drawable-notlong-port-ldpi splash screen at /Users/jseav19/Documents/Titanium Studio Workspace/CardPuller/Resources/android/images/res-notlong-port-ldpi/default.png
[DEBUG] found drawable-notlong-port-mdpi splash screen at /Users/jseav19/Documents/Titanium Studio Workspace/CardPuller/Resources/android/images/res-notlong-port-mdpi/default.png
[INFO] Waiting for SDCard to become available..
[INFO] Re-launching application ... CardPuller
[INFO] Launching application ... CardPuller
[TRACE] Launch output: Starting: Intent { act=android.intent.action.MAIN cat=[android.intent.category.LAUNCHER] cmp=com.plebeianapps.cardpuller/.CardpullerActivity }

[INFO] Relaunched CardPuller ... Application should be running.
